<?xml version="1.0" encoding="UTF-8" ?>
<testsuite failures="0" time="0.038" errors="0" skipped="0" tests="1" name="soma.flume.customSink.AppTest">
  <properties>
    <property name="java.runtime.name" value="Java(TM) SE Runtime Environment"/>
    <property name="sun.boot.library.path" value="/System/Library/Java/JavaVirtualMachines/1.6.0.jdk/Contents/Libraries"/>
    <property name="java.vm.version" value="20.10-b01-428"/>
    <property name="awt.nativeDoubleBuffering" value="true"/>
    <property name="gopherProxySet" value="false"/>
    <property name="mrj.build" value="11M3811"/>
    <property name="java.vm.vendor" value="Apple Inc."/>
    <property name="java.vendor.url" value="http://www.apple.com/"/>
    <property name="path.separator" value=":"/>
    <property name="java.vm.name" value="Java HotSpot(TM) 64-Bit Server VM"/>
    <property name="file.encoding.pkg" value="sun.io"/>
    <property name="user.country" value="KR"/>
    <property name="sun.java.launcher" value="SUN_STANDARD"/>
    <property name="sun.os.patch.level" value="unknown"/>
    <property name="java.vm.specification.name" value="Java Virtual Machine Specification"/>
    <property name="user.dir" value="/Users/Ryun/Downloads/customSink"/>
    <property name="java.runtime.version" value="1.6.0_35-b10-428-11M3811"/>
    <property name="java.awt.graphicsenv" value="apple.awt.CGraphicsEnvironment"/>
    <property name="basedir" value="/Users/Ryun/Downloads/customSink"/>
    <property name="java.endorsed.dirs" value="/System/Library/Java/JavaVirtualMachines/1.6.0.jdk/Contents/Home/lib/endorsed"/>
    <property name="os.arch" value="x86_64"/>
    <property name="surefire.real.class.path" value="/Users/Ryun/Downloads/customSink/target/surefire/surefirebooter4248381408855422330.jar"/>
    <property name="java.io.tmpdir" value="/var/folders/6l/7bsdqfkn43l5_7sv80k7sdwc0000gn/T/"/>
    <property name="line.separator" value="
"/>
    <property name="java.vm.specification.vendor" value="Sun Microsystems Inc."/>
    <property name="os.name" value="Mac OS X"/>
    <property name="sun.jnu.encoding" value="EUC_KR"/>
    <property name="java.library.path" value=".:/Library/Java/Extensions:/System/Library/Java/Extensions:/usr/lib/java"/>
    <property name="surefire.test.class.path" value="/Users/Ryun/Downloads/customSink/target/test-classes:/Users/Ryun/Downloads/customSink/target/classes:/Users/Ryun/.m2/repository/org/apache/flume/flume-ng-core/1.2.0/flume-ng-core-1.2.0.jar:/Users/Ryun/.m2/repository/org/apache/flume/flume-ng-sdk/1.2.0/flume-ng-sdk-1.2.0.jar:/Users/Ryun/.m2/repository/org/apache/flume/flume-ng-configuration/1.2.0/flume-ng-configuration-1.2.0.jar:/Users/Ryun/.m2/repository/org/slf4j/slf4j-api/1.6.1/slf4j-api-1.6.1.jar:/Users/Ryun/.m2/repository/com/google/guava/guava/10.0.1/guava-10.0.1.jar:/Users/Ryun/.m2/repository/com/google/code/findbugs/jsr305/1.3.9/jsr305-1.3.9.jar:/Users/Ryun/.m2/repository/commons-io/commons-io/2.1/commons-io-2.1.jar:/Users/Ryun/.m2/repository/log4j/log4j/1.2.16/log4j-1.2.16.jar:/Users/Ryun/.m2/repository/org/slf4j/slf4j-log4j12/1.6.1/slf4j-log4j12-1.6.1.jar:/Users/Ryun/.m2/repository/commons-cli/commons-cli/1.2/commons-cli-1.2.jar:/Users/Ryun/.m2/repository/org/apache/avro/avro/1.6.3/avro-1.6.3.jar:/Users/Ryun/.m2/repository/org/codehaus/jackson/jackson-core-asl/1.8.8/jackson-core-asl-1.8.8.jar:/Users/Ryun/.m2/repository/org/codehaus/jackson/jackson-mapper-asl/1.8.8/jackson-mapper-asl-1.8.8.jar:/Users/Ryun/.m2/repository/com/thoughtworks/paranamer/paranamer/2.3/paranamer-2.3.jar:/Users/Ryun/.m2/repository/org/xerial/snappy/snappy-java/1.0.4.1/snappy-java-1.0.4.1.jar:/Users/Ryun/.m2/repository/org/apache/avro/avro-ipc/1.6.3/avro-ipc-1.6.3.jar:/Users/Ryun/.m2/repository/org/mortbay/jetty/jetty/6.1.26/jetty-6.1.26.jar:/Users/Ryun/.m2/repository/org/mortbay/jetty/jetty-util/6.1.26/jetty-util-6.1.26.jar:/Users/Ryun/.m2/repository/org/jboss/netty/netty/3.2.7.Final/netty-3.2.7.Final.jar:/Users/Ryun/.m2/repository/org/apache/velocity/velocity/1.7/velocity-1.7.jar:/Users/Ryun/.m2/repository/commons-collections/commons-collections/3.2.1/commons-collections-3.2.1.jar:/Users/Ryun/.m2/repository/commons-lang/commons-lang/2.4/commons-lang-2.4.jar:/Users/Ryun/.m2/repository/joda-time/joda-time/2.1/joda-time-2.1.jar:/Users/Ryun/.m2/repository/org/mortbay/jetty/servlet-api/2.5-20110124/servlet-api-2.5-20110124.jar:/Users/Ryun/.m2/repository/junit/junit/4.10/junit-4.10.jar:/Users/Ryun/.m2/repository/org/hamcrest/hamcrest-core/1.1/hamcrest-core-1.1.jar:"/>
    <property name="java.specification.name" value="Java Platform API Specification"/>
    <property name="java.class.version" value="50.0"/>
    <property name="sun.management.compiler" value="HotSpot 64-Bit Tiered Compilers"/>
    <property name="os.version" value="10.8.1"/>
    <property name="http.nonProxyHosts" value="local|*.local|169.254/16|*.169.254/16"/>
    <property name="user.home" value="/Users/Ryun"/>
    <property name="user.timezone" value=""/>
    <property name="java.awt.printerjob" value="apple.awt.CPrinterJob"/>
    <property name="java.specification.version" value="1.6"/>
    <property name="file.encoding" value="EUC_KR"/>
    <property name="user.name" value="Ryun"/>
    <property name="java.class.path" value="/Users/Ryun/Downloads/customSink/target/test-classes:/Users/Ryun/Downloads/customSink/target/classes:/Users/Ryun/.m2/repository/org/apache/flume/flume-ng-core/1.2.0/flume-ng-core-1.2.0.jar:/Users/Ryun/.m2/repository/org/apache/flume/flume-ng-sdk/1.2.0/flume-ng-sdk-1.2.0.jar:/Users/Ryun/.m2/repository/org/apache/flume/flume-ng-configuration/1.2.0/flume-ng-configuration-1.2.0.jar:/Users/Ryun/.m2/repository/org/slf4j/slf4j-api/1.6.1/slf4j-api-1.6.1.jar:/Users/Ryun/.m2/repository/com/google/guava/guava/10.0.1/guava-10.0.1.jar:/Users/Ryun/.m2/repository/com/google/code/findbugs/jsr305/1.3.9/jsr305-1.3.9.jar:/Users/Ryun/.m2/repository/commons-io/commons-io/2.1/commons-io-2.1.jar:/Users/Ryun/.m2/repository/log4j/log4j/1.2.16/log4j-1.2.16.jar:/Users/Ryun/.m2/repository/org/slf4j/slf4j-log4j12/1.6.1/slf4j-log4j12-1.6.1.jar:/Users/Ryun/.m2/repository/commons-cli/commons-cli/1.2/commons-cli-1.2.jar:/Users/Ryun/.m2/repository/org/apache/avro/avro/1.6.3/avro-1.6.3.jar:/Users/Ryun/.m2/repository/org/codehaus/jackson/jackson-core-asl/1.8.8/jackson-core-asl-1.8.8.jar:/Users/Ryun/.m2/repository/org/codehaus/jackson/jackson-mapper-asl/1.8.8/jackson-mapper-asl-1.8.8.jar:/Users/Ryun/.m2/repository/com/thoughtworks/paranamer/paranamer/2.3/paranamer-2.3.jar:/Users/Ryun/.m2/repository/org/xerial/snappy/snappy-java/1.0.4.1/snappy-java-1.0.4.1.jar:/Users/Ryun/.m2/repository/org/apache/avro/avro-ipc/1.6.3/avro-ipc-1.6.3.jar:/Users/Ryun/.m2/repository/org/mortbay/jetty/jetty/6.1.26/jetty-6.1.26.jar:/Users/Ryun/.m2/repository/org/mortbay/jetty/jetty-util/6.1.26/jetty-util-6.1.26.jar:/Users/Ryun/.m2/repository/org/jboss/netty/netty/3.2.7.Final/netty-3.2.7.Final.jar:/Users/Ryun/.m2/repository/org/apache/velocity/velocity/1.7/velocity-1.7.jar:/Users/Ryun/.m2/repository/commons-collections/commons-collections/3.2.1/commons-collections-3.2.1.jar:/Users/Ryun/.m2/repository/commons-lang/commons-lang/2.4/commons-lang-2.4.jar:/Users/Ryun/.m2/repository/joda-time/joda-time/2.1/joda-time-2.1.jar:/Users/Ryun/.m2/repository/org/mortbay/jetty/servlet-api/2.5-20110124/servlet-api-2.5-20110124.jar:/Users/Ryun/.m2/repository/junit/junit/4.10/junit-4.10.jar:/Users/Ryun/.m2/repository/org/hamcrest/hamcrest-core/1.1/hamcrest-core-1.1.jar:"/>
    <property name="java.vm.specification.version" value="1.0"/>
    <property name="sun.arch.data.model" value="64"/>
    <property name="java.home" value="/System/Library/Java/JavaVirtualMachines/1.6.0.jdk/Contents/Home"/>
    <property name="sun.java.command" value="/Users/Ryun/Downloads/customSink/target/surefire/surefirebooter4248381408855422330.jar /Users/Ryun/Downloads/customSink/target/surefire/surefire1656209993322023969tmp /Users/Ryun/Downloads/customSink/target/surefire/surefire1744897581980421741tmp"/>
    <property name="java.specification.vendor" value="Sun Microsystems Inc."/>
    <property name="user.language" value="ko"/>
    <property name="awt.toolkit" value="apple.awt.CToolkit"/>
    <property name="java.vm.info" value="mixed mode"/>
    <property name="java.version" value="1.6.0_35"/>
    <property name="java.ext.dirs" value="/Library/Java/Extensions:/System/Library/Java/Extensions:/System/Library/Java/JavaVirtualMachines/1.6.0.jdk/Contents/Home/lib/ext"/>
    <property name="sun.boot.class.path" value="/System/Library/Java/JavaVirtualMachines/1.6.0.jdk/Contents/Classes/jsfd.jar:/System/Library/Java/JavaVirtualMachines/1.6.0.jdk/Contents/Classes/classes.jar:/System/Library/Frameworks/JavaVM.framework/Frameworks/JavaRuntimeSupport.framework/Resources/Java/JavaRuntimeSupport.jar:/System/Library/Java/JavaVirtualMachines/1.6.0.jdk/Contents/Classes/ui.jar:/System/Library/Java/JavaVirtualMachines/1.6.0.jdk/Contents/Classes/laf.jar:/System/Library/Java/JavaVirtualMachines/1.6.0.jdk/Contents/Classes/sunrsasign.jar:/System/Library/Java/JavaVirtualMachines/1.6.0.jdk/Contents/Classes/jsse.jar:/System/Library/Java/JavaVirtualMachines/1.6.0.jdk/Contents/Classes/jce.jar:/System/Library/Java/JavaVirtualMachines/1.6.0.jdk/Contents/Classes/charsets.jar"/>
    <property name="java.vendor" value="Apple Inc."/>
    <property name="localRepository" value="/Users/Ryun/.m2/repository"/>
    <property name="file.separator" value="/"/>
    <property name="java.vendor.url.bug" value="http://bugreport.apple.com/"/>
    <property name="sun.cpu.endian" value="little"/>
    <property name="sun.io.unicode.encoding" value="UnicodeLittle"/>
    <property name="mrj.version" value="1070.1.6.0_35-428"/>
    <property name="socksNonProxyHosts" value="local|*.local|169.254/16|*.169.254/16"/>
    <property name="ftp.nonProxyHosts" value="local|*.local|169.254/16|*.169.254/16"/>
    <property name="sun.cpu.isalist" value=""/>
  </properties>
  <testcase time="0.001" classname="soma.flume.customSink.AppTest" name="testApp"/>
</testsuite>